# JRE version: OpenJDK Runtime Environment (21.0.5) (build 21.0.5+-13047016-b750.29)
# Java VM: OpenJDK 64-Bit Server VM (21.0.5+-13047016-b750.29, mixed mode, tiered, compressed oops, compressed class ptrs, g1 gc, windows-amd64)
GC Precious Log:
 CardTable entry size: 512
 Card Set container configuration: InlinePtr #cards 5 size 8 Array Of Cards #cards 12 size 40 Howl #buckets 4 coarsen threshold 1843 Howl Bitmap #cards 512 size 80 coarsen threshold 460 Card regions per heap region 1 cards per card region 2048
 CPUs: 12 total, 12 available
 Memory: 16307M
 Large Page Support: Disabled
 NUMA Support: Disabled
 Compressed Oops: Enabled (32-bit)
 Heap Region Size: 1M
 Heap Min Capacity: 8M
 Heap Initial Capacity: 256M
 Heap Max Capacity: 2G
 Pre-touch: Disabled
 Parallel Workers: 10
 Concurrent Workers: 3
 Concurrent Refinement Workers: 10
 Periodic GC: Disabled
Heap:
 garbage-first heap   total 153600K, used 102650K [0x0000000080000000, 0x0000000100000000)
  region size 1024K, 22 young (22528K), 2 survivors (2048K)
 Metaspace       used 67830K, committed 69504K, reserved 1114112K
  class space    used 9225K, committed 10048K, reserved 1048576K
GC Heap History (20 events):
Event: 2.108 GC heap before
{Heap before GC invocations=7 (full 0):
 garbage-first heap   total 79872K, used 36501K [0x0000000080000000, 0x0000000100000000)
  region size 1024K, 18 young (18432K), 6 survivors (6144K)
 Metaspace       used 35116K, committed 35968K, reserved 1114112K
  class space    used 4708K, committed 5120K, reserved 1048576K
}
Event: 2.110 GC heap after
{Heap after GC invocations=8 (full 0):
 garbage-first heap   total 79872K, used 25956K [0x0000000080000000, 0x0000000100000000)
  region size 1024K, 4 young (4096K), 4 survivors (4096K)
 Metaspace       used 35116K, committed 35968K, reserved 1114112K
  class space    used 4708K, committed 5120K, reserved 1048576K
}
Event: 2.387 GC heap before
{Heap before GC invocations=9 (full 0):
 garbage-first heap   total 79872K, used 78180K [0x0000000080000000, 0x0000000100000000)
  region size 1024K, 43 young (44032K), 4 survivors (4096K)
 Metaspace       used 39594K, committed 40640K, reserved 1114112K
  class space    used 5399K, committed 5888K, reserved 1048576K
}
Event: 2.389 GC heap after
{Heap after GC invocations=10 (full 0):
 garbage-first heap   total 89088K, used 44645K [0x0000000080000000, 0x0000000100000000)
  region size 1024K, 6 young (6144K), 6 survivors (6144K)
 Metaspace       used 39594K, committed 40640K, reserved 1114112K
  class space    used 5399K, committed 5888K, reserved 1048576K
}
Event: 2.617 GC heap before
{Heap before GC invocations=10 (full 0):
 garbage-first heap   total 89088K, used 76389K [0x0000000080000000, 0x0000000100000000)
  region size 1024K, 38 young (38912K), 6 survivors (6144K)
 Metaspace       used 45787K, committed 46720K, reserved 1114112K
  class space    used 6064K, committed 6528K, reserved 1048576K
}
Event: 2.619 GC heap after
{Heap after GC invocations=11 (full 0):
 garbage-first heap   total 89088K, used 48799K [0x0000000080000000, 0x0000000100000000)
  region size 1024K, 4 young (4096K), 4 survivors (4096K)
 Metaspace       used 45787K, committed 46720K, reserved 1114112K
  class space    used 6064K, committed 6528K, reserved 1048576K
}
Event: 2.722 GC heap before
{Heap before GC invocations=11 (full 0):
 garbage-first heap   total 89088K, used 74399K [0x0000000080000000, 0x0000000100000000)
  region size 1024K, 31 young (31744K), 4 survivors (4096K)
 Metaspace       used 46857K, committed 47936K, reserved 1114112K
  class space    used 6212K, committed 6720K, reserved 1048576K
}
Event: 2.724 GC heap after
{Heap after GC invocations=12 (full 0):
 garbage-first heap   total 89088K, used 51311K [0x0000000080000000, 0x0000000100000000)
  region size 1024K, 4 young (4096K), 4 survivors (4096K)
 Metaspace       used 46857K, committed 47936K, reserved 1114112K
  class space    used 6212K, committed 6720K, reserved 1048576K
}
Event: 2.925 GC heap before
{Heap before GC invocations=13 (full 0):
 garbage-first heap   total 97280K, used 82031K [0x0000000080000000, 0x0000000100000000)
  region size 1024K, 29 young (29696K), 4 survivors (4096K)
 Metaspace       used 50379K, committed 51648K, reserved 1114112K
  class space    used 6664K, committed 7296K, reserved 1048576K
}
Event: 2.927 GC heap after
{Heap after GC invocations=14 (full 0):
 garbage-first heap   total 116736K, used 52668K [0x0000000080000000, 0x0000000100000000)
  region size 1024K, 2 young (2048K), 2 survivors (2048K)
 Metaspace       used 50379K, committed 51648K, reserved 1114112K
  class space    used 6664K, committed 7296K, reserved 1048576K
}
Event: 3.230 GC heap before
{Heap before GC invocations=14 (full 0):
 garbage-first heap   total 116736K, used 101820K [0x0000000080000000, 0x0000000100000000)
  region size 1024K, 51 young (52224K), 2 survivors (2048K)
 Metaspace       used 56299K, committed 57856K, reserved 1114112K
  class space    used 7646K, committed 8384K, reserved 1048576K
}
Event: 3.232 GC heap after
{Heap after GC invocations=15 (full 0):
 garbage-first heap   total 116736K, used 55083K [0x0000000080000000, 0x0000000100000000)
  region size 1024K, 5 young (5120K), 5 survivors (5120K)
 Metaspace       used 56299K, committed 57856K, reserved 1114112K
  class space    used 7646K, committed 8384K, reserved 1048576K
}
Event: 3.278 GC heap before
{Heap before GC invocations=15 (full 0):
 garbage-first heap   total 116736K, used 61227K [0x0000000080000000, 0x0000000100000000)
  region size 1024K, 12 young (12288K), 5 survivors (5120K)
 Metaspace       used 56720K, committed 58176K, reserved 1114112K
  class space    used 7721K, committed 8448K, reserved 1048576K
}
Event: 3.280 GC heap after
{Heap after GC invocations=16 (full 0):
 garbage-first heap   total 116736K, used 56802K [0x0000000080000000, 0x0000000100000000)
  region size 1024K, 5 young (5120K), 5 survivors (5120K)
 Metaspace       used 56720K, committed 58176K, reserved 1114112K
  class space    used 7721K, committed 8448K, reserved 1048576K
}
Event: 3.489 GC heap before
{Heap before GC invocations=17 (full 0):
 garbage-first heap   total 116736K, used 114146K [0x0000000080000000, 0x0000000100000000)
  region size 1024K, 46 young (47104K), 5 survivors (5120K)
 Metaspace       used 59110K, committed 60736K, reserved 1114112K
  class space    used 7910K, committed 8704K, reserved 1048576K
}
Event: 3.493 GC heap after
{Heap after GC invocations=18 (full 0):
 garbage-first heap   total 128000K, used 77931K [0x0000000080000000, 0x0000000100000000)
  region size 1024K, 7 young (7168K), 7 survivors (7168K)
 Metaspace       used 59110K, committed 60736K, reserved 1114112K
  class space    used 7910K, committed 8704K, reserved 1048576K
}
Event: 3.682 GC heap before
{Heap before GC invocations=18 (full 0):
 garbage-first heap   total 128000K, used 111723K [0x0000000080000000, 0x0000000100000000)
  region size 1024K, 41 young (41984K), 7 survivors (7168K)
 Metaspace       used 62492K, committed 64192K, reserved 1114112K
  class space    used 8403K, committed 9216K, reserved 1048576K
}
Event: 3.685 GC heap after
{Heap after GC invocations=19 (full 0):
 garbage-first heap   total 128000K, used 81336K [0x0000000080000000, 0x0000000100000000)
  region size 1024K, 4 young (4096K), 4 survivors (4096K)
 Metaspace       used 62492K, committed 64192K, reserved 1114112K
  class space    used 8403K, committed 9216K, reserved 1048576K
}
Event: 3.902 GC heap before
{Heap before GC invocations=19 (full 0):
 garbage-first heap   total 128000K, used 114104K [0x0000000080000000, 0x0000000100000000)
  region size 1024K, 36 young (36864K), 4 survivors (4096K)
 Metaspace       used 66238K, committed 68032K, reserved 1114112K
  class space    used 9010K, committed 9856K, reserved 1048576K
}
Event: 3.904 GC heap after
{Heap after GC invocations=20 (full 0):
 garbage-first heap   total 153600K, used 83194K [0x0000000080000000, 0x0000000100000000)
  region size 1024K, 2 young (2048K), 2 survivors (2048K)
 Metaspace       used 66238K, committed 68032K, reserved 1114112K
  class space    used 9010K, committed 9856K, reserved 1048576K
}

