# JRE version: OpenJDK Runtime Environment (21.0.5) (build 21.0.5+-13047016-b750.29)
# Java VM: OpenJDK 64-Bit Server VM (21.0.5+-13047016-b750.29, mixed mode, tiered, compressed oops, compressed class ptrs, g1 gc, windows-amd64)
GC Precious Log:
 CardTable entry size: 512
 Card Set container configuration: InlinePtr #cards 5 size 8 Array Of Cards #cards 12 size 40 Howl #buckets 4 coarsen threshold 1843 Howl Bitmap #cards 512 size 80 coarsen threshold 460 Card regions per heap region 1 cards per card region 2048
 CPUs: 12 total, 12 available
 Memory: 16307M
 Large Page Support: Disabled
 NUMA Support: Disabled
 Compressed Oops: Enabled (32-bit)
 Heap Region Size: 1M
 Heap Min Capacity: 8M
 Heap Initial Capacity: 256M
 Heap Max Capacity: 2G
 Pre-touch: Disabled
 Parallel Workers: 10
 Concurrent Workers: 3
 Concurrent Refinement Workers: 10
 Periodic GC: Disabled
Heap:
 garbage-first heap   total 363520K, used 297472K [0x0000000080000000, 0x0000000100000000)
  region size 1024K, 7 young (7168K), 7 survivors (7168K)
 Metaspace       used 128004K, committed 130368K, reserved 1179648K
  class space    used 17495K, committed 18688K, reserved 1048576K
GC Heap History (20 events):
Event: 9.341 GC heap after
{Heap after GC invocations=48 (full 0):
 garbage-first heap   total 199680K, used 123818K [0x0000000080000000, 0x0000000100000000)
  region size 1024K, 5 young (5120K), 5 survivors (5120K)
 Metaspace       used 115020K, committed 117312K, reserved 1179648K
  class space    used 15669K, committed 16832K, reserved 1048576K
}
Event: 9.523 GC heap before
{Heap before GC invocations=49 (full 0):
 garbage-first heap   total 208896K, used 181162K [0x0000000080000000, 0x0000000100000000)
  region size 1024K, 62 young (63488K), 5 survivors (5120K)
 Metaspace       used 115246K, committed 117504K, reserved 1179648K
  class space    used 15695K, committed 16832K, reserved 1048576K
}
Event: 9.526 GC heap after
{Heap after GC invocations=50 (full 0):
 garbage-first heap   total 208896K, used 126669K [0x0000000080000000, 0x0000000100000000)
  region size 1024K, 6 young (6144K), 6 survivors (6144K)
 Metaspace       used 115246K, committed 117504K, reserved 1179648K
  class space    used 15695K, committed 16832K, reserved 1048576K
}
Event: 10.026 GC heap before
{Heap before GC invocations=50 (full 0):
 garbage-first heap   total 208896K, used 189133K [0x0000000080000000, 0x0000000100000000)
  region size 1024K, 68 young (69632K), 6 survivors (6144K)
 Metaspace       used 118749K, committed 120960K, reserved 1179648K
  class space    used 16114K, committed 17216K, reserved 1048576K
}
Event: 10.030 GC heap after
{Heap after GC invocations=51 (full 0):
 garbage-first heap   total 250880K, used 129740K [0x0000000080000000, 0x0000000100000000)
  region size 1024K, 7 young (7168K), 7 survivors (7168K)
 Metaspace       used 118749K, committed 120960K, reserved 1179648K
  class space    used 16114K, committed 17216K, reserved 1048576K
}
Event: 10.172 GC heap before
{Heap before GC invocations=51 (full 0):
 garbage-first heap   total 250880K, used 227020K [0x0000000080000000, 0x0000000100000000)
  region size 1024K, 103 young (105472K), 7 survivors (7168K)
 Metaspace       used 120007K, committed 122368K, reserved 1179648K
  class space    used 16300K, committed 17472K, reserved 1048576K
}
Event: 10.177 GC heap after
{Heap after GC invocations=52 (full 0):
 garbage-first heap   total 250880K, used 133836K [0x0000000080000000, 0x0000000100000000)
  region size 1024K, 11 young (11264K), 11 survivors (11264K)
 Metaspace       used 120007K, committed 122368K, reserved 1179648K
  class space    used 16300K, committed 17472K, reserved 1048576K
}
Event: 10.241 GC heap before
{Heap before GC invocations=52 (full 0):
 garbage-first heap   total 250880K, used 170700K [0x0000000080000000, 0x0000000100000000)
  region size 1024K, 49 young (50176K), 11 survivors (11264K)
 Metaspace       used 120088K, committed 122432K, reserved 1179648K
  class space    used 16311K, committed 17472K, reserved 1048576K
}
Event: 10.244 GC heap after
{Heap after GC invocations=53 (full 0):
 garbage-first heap   total 250880K, used 135387K [0x0000000080000000, 0x0000000100000000)
  region size 1024K, 9 young (9216K), 9 survivors (9216K)
 Metaspace       used 120088K, committed 122432K, reserved 1179648K
  class space    used 16311K, committed 17472K, reserved 1048576K
}
Event: 11.241 GC heap before
{Heap before GC invocations=54 (full 0):
 garbage-first heap   total 258048K, used 256219K [0x0000000080000000, 0x0000000100000000)
  region size 1024K, 83 young (84992K), 9 survivors (9216K)
 Metaspace       used 124786K, committed 127104K, reserved 1179648K
  class space    used 16865K, committed 18048K, reserved 1048576K
}
Event: 11.248 GC heap after
{Heap after GC invocations=55 (full 0):
 garbage-first heap   total 280576K, used 176194K [0x0000000080000000, 0x0000000100000000)
  region size 1024K, 13 young (13312K), 13 survivors (13312K)
 Metaspace       used 124786K, committed 127104K, reserved 1179648K
  class space    used 16865K, committed 18048K, reserved 1048576K
}
Event: 11.525 GC heap before
{Heap before GC invocations=55 (full 0):
 garbage-first heap   total 280576K, used 270402K [0x0000000080000000, 0x0000000100000000)
  region size 1024K, 86 young (88064K), 13 survivors (13312K)
 Metaspace       used 125106K, committed 127488K, reserved 1179648K
  class space    used 16908K, committed 18112K, reserved 1048576K
}
Event: 11.542 GC heap after
{Heap after GC invocations=56 (full 0):
 garbage-first heap   total 314368K, used 211968K [0x0000000080000000, 0x0000000100000000)
  region size 1024K, 11 young (11264K), 11 survivors (11264K)
 Metaspace       used 125106K, committed 127488K, reserved 1179648K
  class space    used 16908K, committed 18112K, reserved 1048576K
}
Event: 11.558 GC heap before
{Heap before GC invocations=56 (full 0):
 garbage-first heap   total 314368K, used 217088K [0x0000000080000000, 0x0000000100000000)
  region size 1024K, 17 young (17408K), 11 survivors (11264K)
 Metaspace       used 125106K, committed 127488K, reserved 1179648K
  class space    used 16908K, committed 18112K, reserved 1048576K
}
Event: 11.565 GC heap after
{Heap after GC invocations=57 (full 0):
 garbage-first heap   total 314368K, used 215807K [0x0000000080000000, 0x0000000100000000)
  region size 1024K, 3 young (3072K), 3 survivors (3072K)
 Metaspace       used 125106K, committed 127488K, reserved 1179648K
  class space    used 16908K, committed 18112K, reserved 1048576K
}
Event: 11.862 GC heap before
{Heap before GC invocations=58 (full 0):
 garbage-first heap   total 363520K, used 274175K [0x0000000080000000, 0x0000000100000000)
  region size 1024K, 59 young (60416K), 3 survivors (3072K)
 Metaspace       used 127914K, committed 130240K, reserved 1179648K
  class space    used 17493K, committed 18688K, reserved 1048576K
}
Event: 11.875 GC heap after
{Heap after GC invocations=59 (full 0):
 garbage-first heap   total 363520K, used 239616K [0x0000000080000000, 0x0000000100000000)
  region size 1024K, 8 young (8192K), 8 survivors (8192K)
 Metaspace       used 127914K, committed 130240K, reserved 1179648K
  class space    used 17493K, committed 18688K, reserved 1048576K
}
Event: 11.933 GC heap before
{Heap before GC invocations=59 (full 0):
 garbage-first heap   total 363520K, used 305152K [0x0000000080000000, 0x0000000100000000)
  region size 1024K, 73 young (74752K), 8 survivors (8192K)
 Metaspace       used 127963K, committed 130304K, reserved 1179648K
  class space    used 17494K, committed 18688K, reserved 1048576K
}
Event: 11.953 GC heap after
{Heap after GC invocations=60 (full 0):
 garbage-first heap   total 363520K, used 272662K [0x0000000080000000, 0x0000000100000000)
  region size 1024K, 10 young (10240K), 10 survivors (10240K)
 Metaspace       used 127963K, committed 130304K, reserved 1179648K
  class space    used 17494K, committed 18688K, reserved 1048576K
}
Event: 11.994 GC heap before
{Heap before GC invocations=60 (full 0):
 garbage-first heap   total 363520K, used 317718K [0x0000000080000000, 0x0000000100000000)
  region size 1024K, 54 young (55296K), 10 survivors (10240K)
 Metaspace       used 128004K, committed 130368K, reserved 1179648K
  class space    used 17495K, committed 18688K, reserved 1048576K
}

