# JRE version: OpenJDK Runtime Environment (21.0.5) (build 21.0.5+-13047016-b750.29)
# Java VM: OpenJDK 64-Bit Server VM (21.0.5+-13047016-b750.29, mixed mode, tiered, compressed oops, compressed class ptrs, g1 gc, windows-amd64)
GC Precious Log:
 CardTable entry size: 512
 Card Set container configuration: InlinePtr #cards 5 size 8 Array Of Cards #cards 12 size 40 Howl #buckets 4 coarsen threshold 1843 Howl Bitmap #cards 512 size 80 coarsen threshold 460 Card regions per heap region 1 cards per card region 2048
 CPUs: 12 total, 12 available
 Memory: 16307M
 Large Page Support: Disabled
 NUMA Support: Disabled
 Compressed Oops: Enabled (32-bit)
 Heap Region Size: 1M
 Heap Min Capacity: 8M
 Heap Initial Capacity: 256M
 Heap Max Capacity: 2G
 Pre-touch: Disabled
 Parallel Workers: 10
 Concurrent Workers: 3
 Concurrent Refinement Workers: 10
 Periodic GC: Disabled
Heap:
 garbage-first heap   total 138240K, used 90307K [0x0000000080000000, 0x0000000100000000)
  region size 1024K, 5 young (5120K), 5 survivors (5120K)
 Metaspace       used 68639K, committed 70528K, reserved 1114112K
  class space    used 9291K, committed 10240K, reserved 1048576K
GC Heap History (20 events):
Event: 2.936 GC heap after
{Heap after GC invocations=11 (full 0):
 garbage-first heap   total 93184K, used 49104K [0x0000000080000000, 0x0000000100000000)
  region size 1024K, 5 young (5120K), 5 survivors (5120K)
 Metaspace       used 45860K, committed 46912K, reserved 1114112K
  class space    used 6082K, committed 6592K, reserved 1048576K
}
Event: 3.042 GC heap before
{Heap before GC invocations=11 (full 0):
 garbage-first heap   total 93184K, used 68560K [0x0000000080000000, 0x0000000100000000)
  region size 1024K, 26 young (26624K), 5 survivors (5120K)
 Metaspace       used 46920K, committed 48000K, reserved 1114112K
  class space    used 6230K, committed 6784K, reserved 1048576K
}
Event: 3.044 GC heap after
{Heap after GC invocations=12 (full 0):
 garbage-first heap   total 93184K, used 50685K [0x0000000080000000, 0x0000000100000000)
  region size 1024K, 3 young (3072K), 3 survivors (3072K)
 Metaspace       used 46920K, committed 48000K, reserved 1114112K
  class space    used 6230K, committed 6784K, reserved 1048576K
}
Event: 3.294 GC heap before
{Heap before GC invocations=13 (full 0):
 garbage-first heap   total 94208K, used 87549K [0x0000000080000000, 0x0000000100000000)
  region size 1024K, 34 young (34816K), 3 survivors (3072K)
 Metaspace       used 50994K, committed 52352K, reserved 1114112K
  class space    used 6781K, committed 7424K, reserved 1048576K
}
Event: 3.296 GC heap after
{Heap after GC invocations=14 (full 0):
 garbage-first heap   total 94208K, used 52469K [0x0000000080000000, 0x0000000100000000)
  region size 1024K, 5 young (5120K), 5 survivors (5120K)
 Metaspace       used 50994K, committed 52352K, reserved 1114112K
  class space    used 6781K, committed 7424K, reserved 1048576K
}
Event: 3.482 GC heap before
{Heap before GC invocations=14 (full 0):
 garbage-first heap   total 94208K, used 82165K [0x0000000080000000, 0x0000000100000000)
  region size 1024K, 34 young (34816K), 5 survivors (5120K)
 Metaspace       used 54656K, committed 56128K, reserved 1114112K
  class space    used 7378K, committed 8128K, reserved 1048576K
}
Event: 3.485 GC heap after
{Heap after GC invocations=15 (full 0):
 garbage-first heap   total 94208K, used 53318K [0x0000000080000000, 0x0000000100000000)
  region size 1024K, 4 young (4096K), 4 survivors (4096K)
 Metaspace       used 54656K, committed 56128K, reserved 1114112K
  class space    used 7378K, committed 8128K, reserved 1048576K
}
Event: 3.645 GC heap before
{Heap before GC invocations=15 (full 0):
 garbage-first heap   total 94208K, used 73798K [0x0000000080000000, 0x0000000100000000)
  region size 1024K, 25 young (25600K), 4 survivors (4096K)
 Metaspace       used 56800K, committed 58368K, reserved 1114112K
  class space    used 7741K, committed 8512K, reserved 1048576K
}
Event: 3.647 GC heap after
{Heap after GC invocations=16 (full 0):
 garbage-first heap   total 113664K, used 55740K [0x0000000080000000, 0x0000000100000000)
  region size 1024K, 4 young (4096K), 4 survivors (4096K)
 Metaspace       used 56800K, committed 58368K, reserved 1114112K
  class space    used 7741K, committed 8512K, reserved 1048576K
}
Event: 3.759 GC heap before
{Heap before GC invocations=16 (full 0):
 garbage-first heap   total 113664K, used 73148K [0x0000000080000000, 0x0000000100000000)
  region size 1024K, 20 young (20480K), 4 survivors (4096K)
 Metaspace       used 57116K, committed 58688K, reserved 1114112K
  class space    used 7764K, committed 8576K, reserved 1048576K
}
Event: 3.762 GC heap after
{Heap after GC invocations=17 (full 0):
 garbage-first heap   total 113664K, used 61514K [0x0000000080000000, 0x0000000100000000)
  region size 1024K, 6 young (6144K), 6 survivors (6144K)
 Metaspace       used 57116K, committed 58688K, reserved 1114112K
  class space    used 7764K, committed 8576K, reserved 1048576K
}
Event: 4.094 GC heap before
{Heap before GC invocations=18 (full 0):
 garbage-first heap   total 114688K, used 110666K [0x0000000080000000, 0x0000000100000000)
  region size 1024K, 40 young (40960K), 6 survivors (6144K)
 Metaspace       used 59651K, committed 61376K, reserved 1114112K
  class space    used 8015K, committed 8896K, reserved 1048576K
}
Event: 4.098 GC heap after
{Heap after GC invocations=19 (full 0):
 garbage-first heap   total 121856K, used 78456K [0x0000000080000000, 0x0000000100000000)
  region size 1024K, 5 young (5120K), 5 survivors (5120K)
 Metaspace       used 59651K, committed 61376K, reserved 1114112K
  class space    used 8015K, committed 8896K, reserved 1048576K
}
Event: 4.306 GC heap before
{Heap before GC invocations=19 (full 0):
 garbage-first heap   total 121856K, used 108152K [0x0000000080000000, 0x0000000100000000)
  region size 1024K, 34 young (34816K), 5 survivors (5120K)
 Metaspace       used 62975K, committed 64768K, reserved 1114112K
  class space    used 8486K, committed 9408K, reserved 1048576K
}
Event: 4.308 GC heap after
{Heap after GC invocations=20 (full 0):
 garbage-first heap   total 121856K, used 80479K [0x0000000080000000, 0x0000000100000000)
  region size 1024K, 3 young (3072K), 3 survivors (3072K)
 Metaspace       used 62975K, committed 64768K, reserved 1114112K
  class space    used 8486K, committed 9408K, reserved 1048576K
}
Event: 4.506 GC heap before
{Heap before GC invocations=20 (full 0):
 garbage-first heap   total 121856K, used 109151K [0x0000000080000000, 0x0000000100000000)
  region size 1024K, 31 young (31744K), 3 survivors (3072K)
 Metaspace       used 66259K, committed 68096K, reserved 1114112K
  class space    used 9015K, committed 9920K, reserved 1048576K
}
Event: 4.508 GC heap after
{Heap after GC invocations=21 (full 0):
 garbage-first heap   total 121856K, used 82036K [0x0000000080000000, 0x0000000100000000)
  region size 1024K, 4 young (4096K), 4 survivors (4096K)
 Metaspace       used 66259K, committed 68096K, reserved 1114112K
  class space    used 9015K, committed 9920K, reserved 1048576K
}
Event: 4.776 GC heap before
{Heap before GC invocations=22 (full 0):
 garbage-first heap   total 138240K, used 108660K [0x0000000080000000, 0x0000000100000000)
  region size 1024K, 30 young (30720K), 4 survivors (4096K)
 Metaspace       used 68208K, committed 70016K, reserved 1114112K
  class space    used 9270K, committed 10176K, reserved 1048576K
}
Event: 4.779 GC heap after
{Heap after GC invocations=23 (full 0):
 garbage-first heap   total 138240K, used 85495K [0x0000000080000000, 0x0000000100000000)
  region size 1024K, 4 young (4096K), 4 survivors (4096K)
 Metaspace       used 68208K, committed 70016K, reserved 1114112K
  class space    used 9270K, committed 10176K, reserved 1048576K
}
Event: 4.891 GC heap before
{Heap before GC invocations=23 (full 0):
 garbage-first heap   total 138240K, used 121335K [0x0000000080000000, 0x0000000100000000)
  region size 1024K, 40 young (40960K), 4 survivors (4096K)
 Metaspace       used 68639K, committed 70528K, reserved 1114112K
  class space    used 9291K, committed 10240K, reserved 1048576K
}

